<?xml version="1.0" encoding="UTF-8"?>
<testsuite xmlns:xsi="http://www.w3.org/2001/XMLSchema-instance" xsi:noNamespaceSchemaLocation="https://maven.apache.org/surefire/maven-surefire-plugin/xsd/surefire-test-report-3.0.xsd" version="3.0" name="TestRunners.AmazonTest" time="0.241" tests="2" errors="0" skipped="0" failures="0">
  <properties>
[...]
</properties>
  <testcase name="Login to Amazon website with valid credentials" classname="Amazon Login" time="0.056">
    <system-out><![CDATA[
@All @Smoke, @Regression, @UserStory-1001, @Epic-2001
Scenario: Login to Amazon website with valid credentials                                       &amp#27;[90m# src/test/resources/ApplicationFeatures/Search.feature:10&amp#27;[0m
User is on Amazon login page ... 
  &amp#27;[32mGiven &amp#27;[0m&amp#27;[32mUser is on Amazon login page&amp#27;[0m                                                           &amp#27;[90m# StepDefinitions.SearchSteps.user_is_on_amazon_login_page()&amp#27;[0m
User login with valid name ValidUser and valid passwordValidPassword
  &amp#27;[32mWhen &amp#27;[0m&amp#27;[32mUser login with valid name &amp#27;[0m&amp#27;[32m&amp#27;[1m"ValidUser"&amp#27;[0m&amp#27;[32m and valid password &amp#27;[0m&amp#27;[32m&amp#27;[1m"ValidPassword"&amp#27;[0m               &amp#27;[90m# StepDefinitions.SearchSteps.user_login_with_valid_name_something_and_valid_password_something(java.lang.String,java.lang.String)&amp#27;[0m
User is logged into the application true
  &amp#27;[32mThen &amp#27;[0m&amp#27;[32mUser is logged into the application &amp#27;[0m&amp#27;[32m&amp#27;[1m"true"&amp#27;[0m                                              &amp#27;[90m# StepDefinitions.SearchSteps.user_is_logged_into_the_application_something(java.lang.String)&amp#27;[0m
The Login page redirects to users dashboard and Valid user name ValidUser is displayed
  &amp#27;[32mAnd &amp#27;[0m&amp#27;[32mThe Login page redirects to users dashboard and Valid user name "&amp#27;[0m&amp#27;[32m&amp#27;[1mValidUser&amp#27;[0m&amp#27;[32m" is displayed&amp#27;[0m &amp#27;[90m# StepDefinitions.SearchSteps.the_login_page_redirects_to_users_dashboard_and_valid_user_name_something_is_displayed(java.lang.String)&amp#27;[0m
]]></system-out>
  </testcase>
  <testcase name="Login to Amazon website with invalid credentials" classname="Amazon Login" time="0.001">
    <system-out><![CDATA[
@All @Sanity
Scenario: Login to Amazon website with invalid credentials                               &amp#27;[90m# src/test/resources/ApplicationFeatures/Search.feature:16&amp#27;[0m
User is on Amazon login page ... 
  &amp#27;[32mGiven &amp#27;[0m&amp#27;[32mUser is on Amazon login page&amp#27;[0m                                                     &amp#27;[90m# StepDefinitions.SearchSteps.user_is_on_amazon_login_page()&amp#27;[0m
User login with invalid name InvalidUser and invalid passwordInvalidPassword
  &amp#27;[32mWhen &amp#27;[0m&amp#27;[32mUser login with invalid name &amp#27;[0m&amp#27;[32m&amp#27;[1m"InvalidUser"&amp#27;[0m&amp#27;[32m and invalid password &amp#27;[0m&amp#27;[32m&amp#27;[1m"InvalidPassword"&amp#27;[0m &amp#27;[90m# StepDefinitions.SearchSteps.user_login_with_invalid_name_something_and_invalid_password_something(java.lang.String,java.lang.String)&amp#27;[0m
User is logged into the application false
  &amp#27;[32mThen &amp#27;[0m&amp#27;[32mUser is logged into the application &amp#27;[0m&amp#27;[32m&amp#27;[1m"false"&amp#27;[0m                                       &amp#27;[90m# StepDefinitions.SearchSteps.user_is_logged_into_the_application_something(java.lang.String)&amp#27;[0m
Error message is displayed
  &amp#27;[32mAnd &amp#27;[0m&amp#27;[32mError message is displayed&amp#27;[0m                                                         &amp#27;[90m# StepDefinitions.SearchSteps.error_message_is_displayed()&amp#27;[0m
]]></system-out>
  </testcase>
</testsuite>